0 info it worked if it ends with ok
1 verbose cli [ '/Users/alex.bieg/.nvm/versions/node/v6.9.1/bin/node',
1 verbose cli   '/Users/alex.bieg/.nvm/versions/node/v6.9.1/bin/npm',
1 verbose cli   'run',
1 verbose cli   'deploy' ]
2 info using npm@3.10.8
3 info using node@v6.9.1
4 verbose run-script [ 'predeploy', 'deploy', 'postdeploy' ]
5 info lifecycle personal-site@1.0.0~predeploy: personal-site@1.0.0
6 silly lifecycle personal-site@1.0.0~predeploy: no script for predeploy, continuing
7 info lifecycle personal-site@1.0.0~deploy: personal-site@1.0.0
8 verbose lifecycle personal-site@1.0.0~deploy: unsafe-perm in lifecycle true
9 verbose lifecycle personal-site@1.0.0~deploy: PATH: /Users/alex.bieg/.nvm/versions/node/v6.9.1/lib/node_modules/npm/bin/node-gyp-bin:/Users/alex.bieg/Documents/personal-site/node_modules/.bin:/Users/alex.bieg/.nvm/versions/node/v6.9.1/bin:/usr/local/bin:/usr/bin:/bin:/usr/sbin:/sbin:/Library/Frameworks/Mono.framework/Versions/Current/Commands
10 verbose lifecycle personal-site@1.0.0~deploy: CWD: /Users/alex.bieg/Documents/personal-site
11 silly lifecycle personal-site@1.0.0~deploy: Args: [ '-c',
11 silly lifecycle   'npm run build && npm run add-commit && git push origin master:deploy' ]
12 silly lifecycle personal-site@1.0.0~deploy: Returned: code: 1  signal: null
13 info lifecycle personal-site@1.0.0~deploy: Failed to exec deploy script
14 verbose stack Error: personal-site@1.0.0 deploy: `npm run build && npm run add-commit && git push origin master:deploy`
14 verbose stack Exit status 1
14 verbose stack     at EventEmitter.<anonymous> (/Users/alex.bieg/.nvm/versions/node/v6.9.1/lib/node_modules/npm/lib/utils/lifecycle.js:255:16)
14 verbose stack     at emitTwo (events.js:106:13)
14 verbose stack     at EventEmitter.emit (events.js:191:7)
14 verbose stack     at ChildProcess.<anonymous> (/Users/alex.bieg/.nvm/versions/node/v6.9.1/lib/node_modules/npm/lib/utils/spawn.js:40:14)
14 verbose stack     at emitTwo (events.js:106:13)
14 verbose stack     at ChildProcess.emit (events.js:191:7)
14 verbose stack     at maybeClose (internal/child_process.js:877:16)
14 verbose stack     at Process.ChildProcess._handle.onexit (internal/child_process.js:226:5)
15 verbose pkgid personal-site@1.0.0
16 verbose cwd /Users/alex.bieg/Documents/personal-site
17 error Darwin 16.7.0
18 error argv "/Users/alex.bieg/.nvm/versions/node/v6.9.1/bin/node" "/Users/alex.bieg/.nvm/versions/node/v6.9.1/bin/npm" "run" "deploy"
19 error node v6.9.1
20 error npm  v3.10.8
21 error code ELIFECYCLE
22 error personal-site@1.0.0 deploy: `npm run build && npm run add-commit && git push origin master:deploy`
22 error Exit status 1
23 error Failed at the personal-site@1.0.0 deploy script 'npm run build && npm run add-commit && git push origin master:deploy'.
23 error Make sure you have the latest version of node.js and npm installed.
23 error If you do, this is most likely a problem with the personal-site package,
23 error not with npm itself.
23 error Tell the author that this fails on your system:
23 error     npm run build && npm run add-commit && git push origin master:deploy
23 error You can get information on how to open an issue for this project with:
23 error     npm bugs personal-site
23 error Or if that isn't available, you can get their info via:
23 error     npm owner ls personal-site
23 error There is likely additional logging output above.
24 verbose exit [ 1, true ]
